<?xml version="1.0" encoding="UTF-8"?>
<!-- Generated by org.testng.reporters.JUnitReportReporter -->
<testsuite skipped="0" hostname="Tarun-PC" name="Search.Search" tests="1" failures="0" timestamp="08 Oct 2017 19:00:25 GMT" time="31.886" errors="0">
  <testcase name="search" time="31.886" classname="Search.Search"/>
</testsuite> <!-- Search.Search -->
