<?xml version="1.0" encoding="UTF-8"?>
<!-- Generated by org.testng.reporters.JUnitReportReporter -->
<testsuite skipped="0" hostname="Tarun-PC" name="Search.Flipkart_Pract" tests="1" failures="0" timestamp="16 Oct 2017 19:16:57 GMT" time="47.780" errors="0">
  <testcase name="test" time="47.780" classname="Search.Flipkart_Pract"/>
</testsuite> <!-- Search.Flipkart_Pract -->
