<?xml version="1.0" encoding="UTF-8"?>
<!-- Generated by org.testng.reporters.JUnitReportReporter -->
<testsuite skipped="0" hostname="Tarun-PC" name="Listeners.practHashMap" tests="1" failures="0" timestamp="21 Jan 2018 12:17:05 GMT" time="75.244" errors="0">
  <testcase name="scrollAmazon" time="75.244" classname="Listeners.practHashMap"/>
</testsuite> <!-- Listeners.practHashMap -->
