<?xml version="1.0" encoding="UTF-8"?>
<!-- Generated by org.testng.reporters.JUnitReportReporter -->
<testsuite skipped="0" hostname="Tarun-PC" name="Search.htmlUnitDriver" tests="1" failures="0" timestamp="09 Dec 2017 14:17:00 GMT" time="5.517" errors="0">
  <testcase name="htmlUnitDr" time="5.517" classname="Search.htmlUnitDriver"/>
</testsuite> <!-- Search.htmlUnitDriver -->
