<?xml version="1.0" encoding="UTF-8"?>
<!-- Generated by org.testng.reporters.JUnitReportReporter -->
<testsuite skipped="0" hostname="Tarun-PC" name="Listeners.callListener" tests="1" failures="0" timestamp="03 Dec 2017 19:18:44 GMT" time="26.325" errors="0">
  <testcase name="getTestCase" time="26.325" classname="Listeners.callListener"/>
</testsuite> <!-- Listeners.callListener -->
