<?xml version="1.0" encoding="UTF-8"?>
<!-- Generated by org.testng.reporters.JUnitReportReporter -->
<testsuite skipped="0" hostname="Tarun-PC" name="Search.mmt" tests="1" failures="0" timestamp="07 Nov 2017 19:18:36 GMT" time="13.323" errors="0">
  <testcase name="performAction" time="13.323" classname="Search.mmt"/>
</testsuite> <!-- Search.mmt -->
