<?xml version="1.0" encoding="UTF-8"?>
<!-- Generated by org.testng.reporters.JUnitReportReporter -->
<testsuite skipped="0" hostname="Tarun-PC" name="Search.Testpract" tests="2" failures="0" timestamp="17 Dec 2017 18:58:37 GMT" time="45.496" errors="0">
  <testcase name="setStatus" time="0.013" classname="Search.Testpract"/>
  <testcase name="getportal" time="45.483" classname="Search.Testpract"/>
</testsuite> <!-- Search.Testpract -->
