<?xml version="1.0" encoding="UTF-8"?>
<!-- Generated by org.testng.reporters.JUnitReportReporter -->
<testsuite skipped="0" hostname="Tarun-PC" name="Search.Foreach" tests="1" failures="0" timestamp="10 Oct 2017 20:12:51 GMT" time="0.038" errors="0">
  <testcase name="test" time="0.038" classname="Search.Foreach"/>
</testsuite> <!-- Search.Foreach -->
