<?xml version="1.0" encoding="UTF-8"?>
<!-- Generated by org.testng.reporters.JUnitReportReporter -->
<testsuite skipped="0" hostname="Tarun-PC" name="Search.Pract_01" tests="1" failures="0" timestamp="17 Jan 2018 20:38:47 GMT" time="10.256" errors="0">
  <testcase name="tryPrime" time="10.256" classname="Search.Pract_01"/>
</testsuite> <!-- Search.Pract_01 -->
