<?xml version="1.0" encoding="UTF-8"?>
<!-- Generated by org.testng.reporters.JUnitReportReporter -->
<testsuite skipped="0" hostname="Tarun-PC" name="Search.Home_Flipkart" tests="1" failures="0" timestamp="26 Oct 2017 06:35:04 GMT" time="26.919" errors="0">
  <testcase name="navigate" time="26.919" classname="Search.Home_Flipkart"/>
</testsuite> <!-- Search.Home_Flipkart -->
